0 info it worked if it ends with ok
1 verbose cli [ '/usr/local/node/bin/node',
1 verbose cli   '/usr/local/node/bin/npm',
1 verbose cli   'install',
1 verbose cli   '.travis.yml',
1 verbose cli   '--save' ]
2 info using npm@1.4.14
3 info using node@v0.10.29
4 verbose readDependencies using package.json deps
5 verbose cache add [ '.travis.yml', null ]
6 verbose cache add name=undefined spec=".travis.yml" args=[".travis.yml",null]
7 verbose parsed url { protocol: null,
7 verbose parsed url   slashes: null,
7 verbose parsed url   auth: null,
7 verbose parsed url   host: null,
7 verbose parsed url   port: null,
7 verbose parsed url   hostname: null,
7 verbose parsed url   hash: null,
7 verbose parsed url   search: null,
7 verbose parsed url   query: null,
7 verbose parsed url   pathname: '.travis.yml',
7 verbose parsed url   path: '.travis.yml',
7 verbose parsed url   href: '.travis.yml' }
8 silly lockFile dea01dd8-travis-yml .travis.yml
9 verbose lock .travis.yml /home/nss/.npm/dea01dd8-travis-yml.lock
10 verbose chmod /home/nss/tmp/npm-2310-n6hI-R+E/1405960111991-0.511796280508861/tmp.tgz 644
11 verbose tar unpack /home/nss/tmp/npm-2310-n6hI-R+E/1405960111991-0.511796280508861/tmp.tgz
12 silly lockFile f74afc3f-0-511796280508861-tmp-tgz-unpack tar:///home/nss/tmp/npm-2310-n6hI-R+E/1405960111991-0.511796280508861/tmp.tgz-unpack
13 verbose lock tar:///home/nss/tmp/npm-2310-n6hI-R+E/1405960111991-0.511796280508861/tmp.tgz-unpack /home/nss/.npm/f74afc3f-0-511796280508861-tmp-tgz-unpack.lock
14 silly lockFile 4d78cc27-111991-0-511796280508861-tmp-tgz tar:///home/nss/tmp/npm-2310-n6hI-R+E/1405960111991-0.511796280508861/tmp.tgz
15 verbose lock tar:///home/nss/tmp/npm-2310-n6hI-R+E/1405960111991-0.511796280508861/tmp.tgz /home/nss/.npm/4d78cc27-111991-0-511796280508861-tmp-tgz.lock
16 silly gunzTarPerm modes [ '755', '644' ]
17 error not a package /home/nss/tmp/npm-2310-n6hI-R+E/1405960111991-0.511796280508861/tmp.tgz
18 silly lockFile f74afc3f-0-511796280508861-tmp-tgz-unpack tar:///home/nss/tmp/npm-2310-n6hI-R+E/1405960111991-0.511796280508861/tmp.tgz-unpack
19 silly lockFile f74afc3f-0-511796280508861-tmp-tgz-unpack tar:///home/nss/tmp/npm-2310-n6hI-R+E/1405960111991-0.511796280508861/tmp.tgz-unpack
20 silly lockFile 4d78cc27-111991-0-511796280508861-tmp-tgz tar:///home/nss/tmp/npm-2310-n6hI-R+E/1405960111991-0.511796280508861/tmp.tgz
21 silly lockFile 4d78cc27-111991-0-511796280508861-tmp-tgz tar:///home/nss/tmp/npm-2310-n6hI-R+E/1405960111991-0.511796280508861/tmp.tgz
22 silly lockFile dea01dd8-travis-yml .travis.yml
23 silly lockFile dea01dd8-travis-yml .travis.yml
24 error addLocal Could not install .travis.yml
25 error Error: ENOENT, open '/home/nss/tmp/npm-2310-n6hI-R+E/1405960111991-0.511796280508861/tmp.tgz-unpack/package.json'
26 error If you need help, you may report this *entire* log,
26 error including the npm and node versions, at:
26 error     <http://github.com/npm/npm/issues>
27 error System Linux 3.13.0-24-generic
28 error command "/usr/local/node/bin/node" "/usr/local/node/bin/npm" "install" ".travis.yml" "--save"
29 error cwd /home/nss/apps/code/stock-market
30 error node -v v0.10.29
31 error npm -v 1.4.14
32 error path /home/nss/tmp/npm-2310-n6hI-R+E/1405960111991-0.511796280508861/tmp.tgz-unpack/package.json
33 error code ENOENT
34 error errno 34
35 verbose exit [ 34, true ]
